<?xml version="1.0" encoding="UTF-8"?>
<!-- Generated by org.testng.reporters.JUnitReportReporter -->
<testsuite hostname="Mrkd-family" failures="0" tests="8" name="baseclass11.NewTest11" time="0.035" errors="0" timestamp="2022-10-24T13:30:57 IST" skipped="0">
  <testcase classname="baseclass11.NewTest11" name="loginByemail" time="0.015"/>
  <system-out>
    <![CDATA[this is login by email]]>
  </system-out>
  <testcase classname="baseclass11.NewTest11" name="signupByfacebook" time="0.001"/>
  <system-out>
    <![CDATA[this is signup by facebook]]>
  </system-out>
  <testcase classname="baseclass11.NewTest11" name="loginBytwitter" time="0.009"/>
  <system-out>
    <![CDATA[this is login by twitter]]>
  </system-out>
  <testcase classname="baseclass11.NewTest11" name="paymentindoller" time="0.003"/>
  <system-out>
    <![CDATA[payment by bank in doller]]>
  </system-out>
  <testcase classname="baseclass11.NewTest11" name="signupBytwitter" time="0.002"/>
  <system-out>
    <![CDATA[this is signup by twitter]]>
  </system-out>
  <testcase classname="baseclass11.NewTest11" name="loginByfacebook" time="0.002"/>
  <system-out>
    <![CDATA[this is login by facrbook]]>
  </system-out>
  <testcase classname="baseclass11.NewTest11" name="paymentReturnBybank" time="0.002"/>
  <system-out>
    <![CDATA[payment by bank]]>
  </system-out>
  <testcase classname="baseclass11.NewTest11" name="signupbyemail" time="0.001"/>
  <system-out>
    <![CDATA[this is signup by email]]>
  </system-out>
</testsuite> <!-- baseclass11.NewTest11 -->
